[33mWARN[0m[2023-07-20 10:33:28] not enable search                            
[33mWARN[0m[2023-07-20 10:33:28] not enable search                            
[GIN] 2023/07/20 - 10:33:54 | 200 |      244.81µs |    112.1.178.90 | GET      "/"
[GIN] 2023/07/20 - 10:33:54 | 200 |     3.95803ms |    112.1.178.90 | GET      "/assets/index.d81a3e4b.css"
[GIN] 2023/07/20 - 10:33:54 | 200 |    5.316999ms |    112.1.178.90 | GET      "/assets/index.fe88f280.js"
[GIN] 2023/07/20 - 10:33:57 | 200 |      251.63µs |    112.1.178.90 | GET      "/assets/entry.16f474aa.js"
[GIN] 2023/07/20 - 10:33:57 | 200 |      434.47µs |    112.1.178.90 | GET      "/api/public/settings"
[GIN] 2023/07/20 - 10:33:59 | 200 |        63.6µs |    112.1.178.90 | GET      "/api/me"
[GIN] 2023/07/20 - 10:34:00 | 200 |      223.38µs |    112.1.178.90 | GET      "/assets/index.8e6aaf98.js"
[GIN] 2023/07/20 - 10:34:00 | 200 |      114.13µs |    112.1.178.90 | GET      "/assets/index.47fcf4c1.js"
[GIN] 2023/07/20 - 10:34:00 | 200 |     445.889µs |    112.1.178.90 | GET      "/assets/index.47fcf4c1.js"
[GIN] 2023/07/20 - 10:34:40 | 200 |  145.768928ms |    112.1.178.90 | POST     "/api/auth/login"
[GIN] 2023/07/20 - 10:34:43 | 200 |      230.91µs |    112.1.178.90 | GET      "/api/me"
[GIN] 2023/07/20 - 10:34:44 | 200 |      259.95µs |    112.1.178.90 | GET      "/assets/Layout.3c6572ee.js"
[GIN] 2023/07/20 - 10:34:44 | 200 |       66.12µs |    112.1.178.90 | GET      "/assets/api.4e1f3ee5.js"
[GIN] 2023/07/20 - 10:34:44 | 200 |       63.87µs |    112.1.178.90 | GET      "/assets/FolderTree.2bf3aa28.js"
[GIN] 2023/07/20 - 10:34:44 | 200 |       77.66µs |    112.1.178.90 | GET      "/assets/index.b3f4846e.js"
[GIN] 2023/07/20 - 10:34:44 | 200 |       80.64µs |    112.1.178.90 | GET      "/assets/useUtil.ccabd0b1.js"
[GIN] 2023/07/20 - 10:34:44 | 200 |      113.54µs |    112.1.178.90 | GET      "/assets/index.671eab34.js"
[GIN] 2023/07/20 - 10:34:44 | 200 |      471.13µs |    112.1.178.90 | GET      "/assets/Layout.3c6572ee.js"
[GIN] 2023/07/20 - 10:34:44 | 200 |     2.68269ms |    112.1.178.90 | GET      "/assets/Markdown.c1ac9bae.js"
[31mERRO[0m[2023-07-20 10:34:50] failed list /: please add a storage first.
github.com/alist-org/alist/v3/internal/op.GetStorageAndActualPath
	/home/runner/work/alist/alist/internal/op/path.go:19
github.com/alist-org/alist/v3/internal/fs.list
	/home/runner/work/alist/alist/internal/fs/list.go:18
github.com/alist-org/alist/v3/internal/fs.List
	/home/runner/work/alist/alist/internal/fs/fs.go:22
github.com/alist-org/alist/v3/server/handles.FsGet
	/home/runner/work/alist/alist/server/handles/fsread.go:304
github.com/gin-gonic/gin.(*Context).Next
	/home/runner/go/pkg/mod/github.com/gin-gonic/gin@v1.9.1/context.go:174
github.com/alist-org/alist/v3/server/middlewares.Auth
	/home/runner/work/alist/alist/server/middlewares/auth.go:67
github.com/gin-gonic/gin.(*Context).Next
	/home/runner/go/pkg/mod/github.com/gin-gonic/gin@v1.9.1/context.go:174
github.com/alist-org/alist/v3/server/middlewares.StoragesLoaded
	/home/runner/work/alist/alist/server/middlewares/check.go:14
github.com/gin-gonic/gin.(*Context).Next
	/home/runner/go/pkg/mod/github.com/gin-gonic/gin@v1.9.1/context.go:174
github.com/gin-gonic/gin.CustomRecoveryWithWriter.func1
	/home/runner/go/pkg/mod/github.com/gin-gonic/gin@v1.9.1/recovery.go:102
github.com/gin-gonic/gin.(*Context).Next
	/home/runner/go/pkg/mod/github.com/gin-gonic/gin@v1.9.1/context.go:174
github.com/gin-gonic/gin.LoggerWithConfig.func1
	/home/runner/go/pkg/mod/github.com/gin-gonic/gin@v1.9.1/logger.go:240
github.com/gin-gonic/gin.(*Context).Next
	/home/runner/go/pkg/mod/github.com/gin-gonic/gin@v1.9.1/context.go:174
github.com/gin-gonic/gin.(*Engine).handleHTTPRequest
	/home/runner/go/pkg/mod/github.com/gin-gonic/gin@v1.9.1/gin.go:620
github.com/gin-gonic/gin.(*Engine).ServeHTTP
	/home/runner/go/pkg/mod/github.com/gin-gonic/gin@v1.9.1/gin.go:576
net/http.serverHandler.ServeHTTP
	/opt/hostedtoolcache/go/1.20.5/x64/src/net/http/server.go:2936
net/http.(*conn).serve
	/opt/hostedtoolcache/go/1.20.5/x64/src/net/http/server.go:1995
runtime.goexit
	/opt/hostedtoolcache/go/1.20.5/x64/src/runtime/asm_amd64.s:1598
failed get storage 
[GIN] 2023/07/20 - 10:34:50 | 200 |  121.113233ms |    112.1.178.90 | POST     "/api/fs/get"
[31mERRO[0m[2023-07-20 10:34:50] failed list /: please add a storage first.
github.com/alist-org/alist/v3/internal/op.GetStorageAndActualPath
	/home/runner/work/alist/alist/internal/op/path.go:19
github.com/alist-org/alist/v3/internal/fs.list
	/home/runner/work/alist/alist/internal/fs/list.go:18
github.com/alist-org/alist/v3/internal/fs.List
	/home/runner/work/alist/alist/internal/fs/fs.go:22
github.com/alist-org/alist/v3/server/handles.FsList
	/home/runner/work/alist/alist/server/handles/fsread.go:82
github.com/gin-gonic/gin.(*Context).Next
	/home/runner/go/pkg/mod/github.com/gin-gonic/gin@v1.9.1/context.go:174
github.com/alist-org/alist/v3/server/middlewares.Auth
	/home/runner/work/alist/alist/server/middlewares/auth.go:67
github.com/gin-gonic/gin.(*Context).Next
	/home/runner/go/pkg/mod/github.com/gin-gonic/gin@v1.9.1/context.go:174
github.com/alist-org/alist/v3/server/middlewares.StoragesLoaded
	/home/runner/work/alist/alist/server/middlewares/check.go:14
github.com/gin-gonic/gin.(*Context).Next
	/home/runner/go/pkg/mod/github.com/gin-gonic/gin@v1.9.1/context.go:174
github.com/gin-gonic/gin.CustomRecoveryWithWriter.func1
	/home/runner/go/pkg/mod/github.com/gin-gonic/gin@v1.9.1/recovery.go:102
github.com/gin-gonic/gin.(*Context).Next
	/home/runner/go/pkg/mod/github.com/gin-gonic/gin@v1.9.1/context.go:174
github.com/gin-gonic/gin.LoggerWithConfig.func1
	/home/runner/go/pkg/mod/github.com/gin-gonic/gin@v1.9.1/logger.go:240
github.com/gin-gonic/gin.(*Context).Next
	/home/runner/go/pkg/mod/github.com/gin-gonic/gin@v1.9.1/context.go:174
github.com/gin-gonic/gin.(*Engine).handleHTTPRequest
	/home/runner/go/pkg/mod/github.com/gin-gonic/gin@v1.9.1/gin.go:620
github.com/gin-gonic/gin.(*Engine).ServeHTTP
	/home/runner/go/pkg/mod/github.com/gin-gonic/gin@v1.9.1/gin.go:576
net/http.serverHandler.ServeHTTP
	/opt/hostedtoolcache/go/1.20.5/x64/src/net/http/server.go:2936
net/http.(*conn).serve
	/opt/hostedtoolcache/go/1.20.5/x64/src/net/http/server.go:1995
runtime.goexit
	/opt/hostedtoolcache/go/1.20.5/x64/src/runtime/asm_amd64.s:1598
failed get storage 
[GIN] 2023/07/20 - 10:34:50 | 200 |    3.373469ms |    112.1.178.90 | POST     "/api/fs/list"
[GIN] 2023/07/20 - 10:34:55 | 200 |      124.18µs |    112.1.178.90 | GET      "/api/me"
[GIN] 2023/07/20 - 10:34:56 | 200 |      210.43µs |    112.1.178.90 | GET      "/assets/index.201397c7.js"
[GIN] 2023/07/20 - 10:34:56 | 200 |      164.73µs |    112.1.178.90 | GET      "/assets/index.201397c7.js"
[GIN] 2023/07/20 - 10:34:56 | 200 |       60.42µs |    112.1.178.90 | GET      "/assets/Profile.05a6d4e6.js"
[GIN] 2023/07/20 - 10:34:56 | 200 |       46.87µs |    112.1.178.90 | GET      "/assets/Profile.05a6d4e6.js"
[GIN] 2023/07/20 - 10:34:59 | 200 |       64.29µs |    112.1.178.90 | GET      "/assets/Users.8be5365f.js"
[GIN] 2023/07/20 - 10:34:59 | 200 |       39.82µs |    112.1.178.90 | GET      "/assets/DeletePopover.78350a3a.js"
[GIN] 2023/07/20 - 10:34:59 | 200 |       35.19µs |    112.1.178.90 | GET      "/assets/Users.8be5365f.js"
[GIN] 2023/07/20 - 10:34:59 | 200 |       26.03µs |    112.1.178.90 | GET      "/assets/Wether.fc207a4e.js"
[GIN] 2023/07/20 - 10:35:00 | 200 |      367.54µs |    112.1.178.90 | GET      "/api/admin/user/list"
[GIN] 2023/07/20 - 10:35:02 | 200 |       77.15µs |    112.1.178.90 | GET      "/assets/AddOrEdit.9e14a599.js"
[GIN] 2023/07/20 - 10:35:02 | 200 |       70.11µs |    112.1.178.90 | GET      "/assets/AddOrEdit.9e14a599.js"
[GIN] 2023/07/20 - 10:35:02 | 200 |      373.02µs |    112.1.178.90 | GET      "/api/admin/user/get?id=1"
[GIN] 2023/07/20 - 10:35:14 | 200 |    6.306379ms |    112.1.178.90 | POST     "/api/admin/user/update"
[GIN] 2023/07/20 - 10:35:15 | 200 |      495.06µs |    112.1.178.90 | GET      "/api/admin/user/list"
[GIN] 2023/07/20 - 10:35:29 | 200 |      115.97µs |    112.1.178.90 | POST     "/api/auth/login"
[GIN] 2023/07/20 - 10:35:30 | 200 |       98.71µs |    112.1.178.90 | GET      "/api/me"
[GIN] 2023/07/20 - 10:35:30 | 200 |      331.72µs |    112.1.178.90 | GET      "/api/admin/user/list"
[GIN] 2023/07/20 - 10:35:33 | 200 |       58.49µs |    112.1.178.90 | GET      "/assets/Storages.9f193a6c.js"
[GIN] 2023/07/20 - 10:35:33 | 200 |        51.7µs |    112.1.178.90 | GET      "/assets/Storages.9f193a6c.js"
[GIN] 2023/07/20 - 10:35:33 | 200 |      117.85µs |    112.1.178.90 | GET      "/api/admin/driver/names"
[GIN] 2023/07/20 - 10:35:33 | 200 |      527.77µs |    112.1.178.90 | GET      "/api/admin/storage/list"
[GIN] 2023/07/20 - 10:35:35 | 200 |       49.63µs |    112.1.178.90 | GET      "/assets/ResponsiveGrid.82b0cf48.js"
[GIN] 2023/07/20 - 10:35:35 | 200 |      110.45µs |    112.1.178.90 | GET      "/assets/AddOrEdit.fbfd50b8.js"
[GIN] 2023/07/20 - 10:35:35 | 200 |        47.7µs |    112.1.178.90 | GET      "/assets/item_type.be442da4.js"
[GIN] 2023/07/20 - 10:35:35 | 200 |       79.89µs |    112.1.178.90 | GET      "/assets/AddOrEdit.fbfd50b8.js"
[GIN] 2023/07/20 - 10:35:36 | 200 |    1.353529ms |    112.1.178.90 | GET      "/api/admin/driver/list"
[GIN] 2023/07/20 - 10:40:37 | 200 |      165.66µs |    112.1.178.90 | GET      "/@manage/storages/add"
[GIN] 2023/07/20 - 10:40:37 | 200 |      135.92µs |    112.1.178.90 | GET      "/api/public/settings"
[GIN] 2023/07/20 - 10:40:37 | 200 |      113.27µs |    112.1.178.90 | GET      "/api/me"
[GIN] 2023/07/20 - 10:40:38 | 200 |    1.194479ms |    112.1.178.90 | GET      "/api/admin/driver/list"
[31mERRO[0m[2023-07-20 10:41:51] failed init storage but storage is already created: failed init storage: AADSTS9002313: Invalid request. Request is malformed or invalid.
Trace ID: cb07bd38-3ef2-40e7-b32a-f5022944ab00
Correlation ID: 43aec4ce-4a5a-48b8-b950-7441195e472b
Timestamp: 2023-07-20 10:41:51Z 
[GIN] 2023/07/20 - 10:41:51 | 200 |   1.28521564s |    112.1.178.90 | POST     "/api/admin/storage/create"
[GIN] 2023/07/20 - 10:41:51 | 200 |      488.42µs |    112.1.178.90 | GET      "/api/admin/storage/get?id=1"
[GIN] 2023/07/20 - 10:41:52 | 200 |      262.09µs |    112.1.178.90 | GET      "/api/admin/driver/info?driver=Onedrive"
[31mERRO[0m[2023-07-20 10:42:15] failed init storage: AADSTS9002313: Invalid request. Request is malformed or invalid.
Trace ID: dbb92558-93b9-4e0d-985b-cf5cf53c4500
Correlation ID: 6bc61d1e-de1b-4f53-a8b0-5a61f7a19c63
Timestamp: 2023-07-20 10:42:15Z 
[GIN] 2023/07/20 - 10:42:15 | 200 |  381.117877ms |    112.1.178.90 | POST     "/api/admin/storage/update"
[31mERRO[0m[2023-07-20 10:43:15] failed init storage: AADSTS9002313: Invalid request. Request is malformed or invalid.
Trace ID: 79860677-168d-44ee-877b-8f5873b96d00
Correlation ID: 04e183dd-1d12-4a59-8741-e468fb7d7486
Timestamp: 2023-07-20 10:43:15Z 
[GIN] 2023/07/20 - 10:43:15 | 200 |  492.474223ms |    112.1.178.90 | POST     "/api/admin/storage/update"
[GIN] 2023/07/20 - 10:46:29 | 200 |  540.749253ms |    112.1.178.90 | POST     "/api/admin/storage/update"
[GIN] 2023/07/20 - 10:46:29 | 200 |     1.28439ms |    112.1.178.90 | GET      "/api/admin/driver/list"
[GIN] 2023/07/20 - 10:46:35 | 200 |       82.38µs |    112.1.178.90 | GET      "/api/me"
[GIN] 2023/07/20 - 10:46:46 | 200 |      283.96µs |    112.1.178.90 | POST     "/api/auth/login"
[GIN] 2023/07/20 - 10:46:59 | 200 |      142.07µs |    112.1.178.90 | POST     "/api/auth/login"
[GIN] 2023/07/20 - 10:47:00 | 200 |      100.01µs |    112.1.178.90 | GET      "/api/me"
[GIN] 2023/07/20 - 10:47:00 | 200 |      1.2073ms |    112.1.178.90 | GET      "/api/admin/driver/list"
[GIN] 2023/07/20 - 10:47:05 | 200 |      171.23µs |    112.1.178.90 | GET      "/"
[GIN] 2023/07/20 - 10:47:07 | 200 |      105.59µs |    112.1.178.90 | GET      "/api/public/settings"
[GIN] 2023/07/20 - 10:47:07 | 200 |      120.31µs |    112.1.178.90 | GET      "/api/me"
[31mERRO[0m[2023-07-20 10:47:10] fs/list: The resource could not be found.
failed to list objs
github.com/alist-org/alist/v3/internal/op.List.func1
	/home/runner/work/alist/alist/internal/op/fs.go:120
github.com/alist-org/alist/v3/pkg/singleflight.(*Group[...]).doCall.func2
	/home/runner/work/alist/alist/pkg/singleflight/singleflight.go:193
github.com/alist-org/alist/v3/pkg/singleflight.(*Group[...]).doCall
	/home/runner/work/alist/alist/pkg/singleflight/singleflight.go:195
github.com/alist-org/alist/v3/pkg/singleflight.(*Group[...]).Do
	/home/runner/work/alist/alist/pkg/singleflight/singleflight.go:108
github.com/alist-org/alist/v3/internal/op.List
	/home/runner/work/alist/alist/internal/op/fs.go:117
github.com/alist-org/alist/v3/internal/fs.list
	/home/runner/work/alist/alist/internal/fs/list.go:25
github.com/alist-org/alist/v3/internal/fs.List
	/home/runner/work/alist/alist/internal/fs/fs.go:22
github.com/alist-org/alist/v3/server/handles.FsGet
	/home/runner/work/alist/alist/server/handles/fsread.go:304
github.com/gin-gonic/gin.(*Context).Next
	/home/runner/go/pkg/mod/github.com/gin-gonic/gin@v1.9.1/context.go:174
github.com/alist-org/alist/v3/server/middlewares.Auth
	/home/runner/work/alist/alist/server/middlewares/auth.go:67
github.com/gin-gonic/gin.(*Context).Next
	/home/runner/go/pkg/mod/github.com/gin-gonic/gin@v1.9.1/context.go:174
github.com/alist-org/alist/v3/server/middlewares.StoragesLoaded
	/home/runner/work/alist/alist/server/middlewares/check.go:14
github.com/gin-gonic/gin.(*Context).Next
	/home/runner/go/pkg/mod/github.com/gin-gonic/gin@v1.9.1/context.go:174
github.com/gin-gonic/gin.CustomRecoveryWithWriter.func1
	/home/runner/go/pkg/mod/github.com/gin-gonic/gin@v1.9.1/recovery.go:102
github.com/gin-gonic/gin.(*Context).Next
	/home/runner/go/pkg/mod/github.com/gin-gonic/gin@v1.9.1/context.go:174
github.com/gin-gonic/gin.LoggerWithConfig.func1
	/home/runner/go/pkg/mod/github.com/gin-gonic/gin@v1.9.1/logger.go:240
github.com/gin-gonic/gin.(*Context).Next
	/home/runner/go/pkg/mod/github.com/gin-gonic/gin@v1.9.1/context.go:174
github.com/gin-gonic/gin.(*Engine).handleHTTPRequest
	/home/runner/go/pkg/mod/github.com/gin-gonic/gin@v1.9.1/gin.go:620
github.com/gin-gonic/gin.(*Engine).ServeHTTP
	/home/runner/go/pkg/mod/github.com/gin-gonic/gin@v1.9.1/gin.go:576
net/http.serverHandler.ServeHTTP
	/opt/hostedtoolcache/go/1.20.5/x64/src/net/http/server.go:2936
net/http.(*conn).serve
	/opt/hostedtoolcache/go/1.20.5/x64/src/net/http/server.go:1995
runtime.goexit
	/opt/hostedtoolcache/go/1.20.5/x64/src/runtime/asm_amd64.s:1598 
[31mERRO[0m[2023-07-20 10:47:10] failed list /: The resource could not be found.
failed to list objs
github.com/alist-org/alist/v3/internal/op.List.func1
	/home/runner/work/alist/alist/internal/op/fs.go:120
github.com/alist-org/alist/v3/pkg/singleflight.(*Group[...]).doCall.func2
	/home/runner/work/alist/alist/pkg/singleflight/singleflight.go:193
github.com/alist-org/alist/v3/pkg/singleflight.(*Group[...]).doCall
	/home/runner/work/alist/alist/pkg/singleflight/singleflight.go:195
github.com/alist-org/alist/v3/pkg/singleflight.(*Group[...]).Do
	/home/runner/work/alist/alist/pkg/singleflight/singleflight.go:108
github.com/alist-org/alist/v3/internal/op.List
	/home/runner/work/alist/alist/internal/op/fs.go:117
github.com/alist-org/alist/v3/internal/fs.list
	/home/runner/work/alist/alist/internal/fs/list.go:25
github.com/alist-org/alist/v3/internal/fs.List
	/home/runner/work/alist/alist/internal/fs/fs.go:22
github.com/alist-org/alist/v3/server/handles.FsGet
	/home/runner/work/alist/alist/server/handles/fsread.go:304
github.com/gin-gonic/gin.(*Context).Next
	/home/runner/go/pkg/mod/github.com/gin-gonic/gin@v1.9.1/context.go:174
github.com/alist-org/alist/v3/server/middlewares.Auth
	/home/runner/work/alist/alist/server/middlewares/auth.go:67
github.com/gin-gonic/gin.(*Context).Next
	/home/runner/go/pkg/mod/github.com/gin-gonic/gin@v1.9.1/context.go:174
github.com/alist-org/alist/v3/server/middlewares.StoragesLoaded
	/home/runner/work/alist/alist/server/middlewares/check.go:14
github.com/gin-gonic/gin.(*Context).Next
	/home/runner/go/pkg/mod/github.com/gin-gonic/gin@v1.9.1/context.go:174
github.com/gin-gonic/gin.CustomRecoveryWithWriter.func1
	/home/runner/go/pkg/mod/github.com/gin-gonic/gin@v1.9.1/recovery.go:102
github.com/gin-gonic/gin.(*Context).Next
	/home/runner/go/pkg/mod/github.com/gin-gonic/gin@v1.9.1/context.go:174
github.com/gin-gonic/gin.LoggerWithConfig.func1
	/home/runner/go/pkg/mod/github.com/gin-gonic/gin@v1.9.1/logger.go:240
github.com/gin-gonic/gin.(*Context).Next
	/home/runner/go/pkg/mod/github.com/gin-gonic/gin@v1.9.1/context.go:174
github.com/gin-gonic/gin.(*Engine).handleHTTPRequest
	/home/runner/go/pkg/mod/github.com/gin-gonic/gin@v1.9.1/gin.go:620
github.com/gin-gonic/gin.(*Engine).ServeHTTP
	/home/runner/go/pkg/mod/github.com/gin-gonic/gin@v1.9.1/gin.go:576
net/http.serverHandler.ServeHTTP
	/opt/hostedtoolcache/go/1.20.5/x64/src/net/http/server.go:2936
net/http.(*conn).serve
	/opt/hostedtoolcache/go/1.20.5/x64/src/net/http/server.go:1995
runtime.goexit
	/opt/hostedtoolcache/go/1.20.5/x64/src/runtime/asm_amd64.s:1598
failed get objs 
[GIN] 2023/07/20 - 10:47:10 | 200 |  2.773826277s |    112.1.178.90 | POST     "/api/fs/get"
[31mERRO[0m[2023-07-20 10:47:11] fs/list: The resource could not be found.
failed to list objs
github.com/alist-org/alist/v3/internal/op.List.func1
	/home/runner/work/alist/alist/internal/op/fs.go:120
github.com/alist-org/alist/v3/pkg/singleflight.(*Group[...]).doCall.func2
	/home/runner/work/alist/alist/pkg/singleflight/singleflight.go:193
github.com/alist-org/alist/v3/pkg/singleflight.(*Group[...]).doCall
	/home/runner/work/alist/alist/pkg/singleflight/singleflight.go:195
github.com/alist-org/alist/v3/pkg/singleflight.(*Group[...]).Do
	/home/runner/work/alist/alist/pkg/singleflight/singleflight.go:108
github.com/alist-org/alist/v3/internal/op.List
	/home/runner/work/alist/alist/internal/op/fs.go:117
github.com/alist-org/alist/v3/internal/fs.list
	/home/runner/work/alist/alist/internal/fs/list.go:25
github.com/alist-org/alist/v3/internal/fs.List
	/home/runner/work/alist/alist/internal/fs/fs.go:22
github.com/alist-org/alist/v3/server/handles.FsList
	/home/runner/work/alist/alist/server/handles/fsread.go:82
github.com/gin-gonic/gin.(*Context).Next
	/home/runner/go/pkg/mod/github.com/gin-gonic/gin@v1.9.1/context.go:174
github.com/alist-org/alist/v3/server/middlewares.Auth
	/home/runner/work/alist/alist/server/middlewares/auth.go:67
github.com/gin-gonic/gin.(*Context).Next
	/home/runner/go/pkg/mod/github.com/gin-gonic/gin@v1.9.1/context.go:174
github.com/alist-org/alist/v3/server/middlewares.StoragesLoaded
	/home/runner/work/alist/alist/server/middlewares/check.go:14
github.com/gin-gonic/gin.(*Context).Next
	/home/runner/go/pkg/mod/github.com/gin-gonic/gin@v1.9.1/context.go:174
github.com/gin-gonic/gin.CustomRecoveryWithWriter.func1
	/home/runner/go/pkg/mod/github.com/gin-gonic/gin@v1.9.1/recovery.go:102
github.com/gin-gonic/gin.(*Context).Next
	/home/runner/go/pkg/mod/github.com/gin-gonic/gin@v1.9.1/context.go:174
github.com/gin-gonic/gin.LoggerWithConfig.func1
	/home/runner/go/pkg/mod/github.com/gin-gonic/gin@v1.9.1/logger.go:240
github.com/gin-gonic/gin.(*Context).Next
	/home/runner/go/pkg/mod/github.com/gin-gonic/gin@v1.9.1/context.go:174
github.com/gin-gonic/gin.(*Engine).handleHTTPRequest
	/home/runner/go/pkg/mod/github.com/gin-gonic/gin@v1.9.1/gin.go:620
github.com/gin-gonic/gin.(*Engine).ServeHTTP
	/home/runner/go/pkg/mod/github.com/gin-gonic/gin@v1.9.1/gin.go:576
net/http.serverHandler.ServeHTTP
	/opt/hostedtoolcache/go/1.20.5/x64/src/net/http/server.go:2936
net/http.(*conn).serve
	/opt/hostedtoolcache/go/1.20.5/x64/src/net/http/server.go:1995
runtime.goexit
	/opt/hostedtoolcache/go/1.20.5/x64/src/runtime/asm_amd64.s:1598 
[31mERRO[0m[2023-07-20 10:47:11] failed list /: The resource could not be found.
failed to list objs
github.com/alist-org/alist/v3/internal/op.List.func1
	/home/runner/work/alist/alist/internal/op/fs.go:120
github.com/alist-org/alist/v3/pkg/singleflight.(*Group[...]).doCall.func2
	/home/runner/work/alist/alist/pkg/singleflight/singleflight.go:193
github.com/alist-org/alist/v3/pkg/singleflight.(*Group[...]).doCall
	/home/runner/work/alist/alist/pkg/singleflight/singleflight.go:195
github.com/alist-org/alist/v3/pkg/singleflight.(*Group[...]).Do
	/home/runner/work/alist/alist/pkg/singleflight/singleflight.go:108
github.com/alist-org/alist/v3/internal/op.List
	/home/runner/work/alist/alist/internal/op/fs.go:117
github.com/alist-org/alist/v3/internal/fs.list
	/home/runner/work/alist/alist/internal/fs/list.go:25
github.com/alist-org/alist/v3/internal/fs.List
	/home/runner/work/alist/alist/internal/fs/fs.go:22
github.com/alist-org/alist/v3/server/handles.FsList
	/home/runner/work/alist/alist/server/handles/fsread.go:82
github.com/gin-gonic/gin.(*Context).Next
	/home/runner/go/pkg/mod/github.com/gin-gonic/gin@v1.9.1/context.go:174
github.com/alist-org/alist/v3/server/middlewares.Auth
	/home/runner/work/alist/alist/server/middlewares/auth.go:67
github.com/gin-gonic/gin.(*Context).Next
	/home/runner/go/pkg/mod/github.com/gin-gonic/gin@v1.9.1/context.go:174
github.com/alist-org/alist/v3/server/middlewares.StoragesLoaded
	/home/runner/work/alist/alist/server/middlewares/check.go:14
github.com/gin-gonic/gin.(*Context).Next
	/home/runner/go/pkg/mod/github.com/gin-gonic/gin@v1.9.1/context.go:174
github.com/gin-gonic/gin.CustomRecoveryWithWriter.func1
	/home/runner/go/pkg/mod/github.com/gin-gonic/gin@v1.9.1/recovery.go:102
github.com/gin-gonic/gin.(*Context).Next
	/home/runner/go/pkg/mod/github.com/gin-gonic/gin@v1.9.1/context.go:174
github.com/gin-gonic/gin.LoggerWithConfig.func1
	/home/runner/go/pkg/mod/github.com/gin-gonic/gin@v1.9.1/logger.go:240
github.com/gin-gonic/gin.(*Context).Next
	/home/runner/go/pkg/mod/github.com/gin-gonic/gin@v1.9.1/context.go:174
github.com/gin-gonic/gin.(*Engine).handleHTTPRequest
	/home/runner/go/pkg/mod/github.com/gin-gonic/gin@v1.9.1/gin.go:620
github.com/gin-gonic/gin.(*Engine).ServeHTTP
	/home/runner/go/pkg/mod/github.com/gin-gonic/gin@v1.9.1/gin.go:576
net/http.serverHandler.ServeHTTP
	/opt/hostedtoolcache/go/1.20.5/x64/src/net/http/server.go:2936
net/http.(*conn).serve
	/opt/hostedtoolcache/go/1.20.5/x64/src/net/http/server.go:1995
runtime.goexit
	/opt/hostedtoolcache/go/1.20.5/x64/src/runtime/asm_amd64.s:1598
failed get objs 
[GIN] 2023/07/20 - 10:47:11 | 200 |  730.995811ms |    112.1.178.90 | POST     "/api/fs/list"
[GIN] 2023/07/20 - 10:47:15 | 200 |      128.99µs |    112.1.178.90 | GET      "/"
[GIN] 2023/07/20 - 10:47:15 | 200 |      104.44µs |    112.1.178.90 | GET      "/api/public/settings"
[GIN] 2023/07/20 - 10:47:15 | 200 |      108.17µs |    112.1.178.90 | GET      "/api/me"
[31mERRO[0m[2023-07-20 10:47:16] fs/list: The resource could not be found.
failed to list objs
github.com/alist-org/alist/v3/internal/op.List.func1
	/home/runner/work/alist/alist/internal/op/fs.go:120
github.com/alist-org/alist/v3/pkg/singleflight.(*Group[...]).doCall.func2
	/home/runner/work/alist/alist/pkg/singleflight/singleflight.go:193
github.com/alist-org/alist/v3/pkg/singleflight.(*Group[...]).doCall
	/home/runner/work/alist/alist/pkg/singleflight/singleflight.go:195
github.com/alist-org/alist/v3/pkg/singleflight.(*Group[...]).Do
	/home/runner/work/alist/alist/pkg/singleflight/singleflight.go:108
github.com/alist-org/alist/v3/internal/op.List
	/home/runner/work/alist/alist/internal/op/fs.go:117
github.com/alist-org/alist/v3/internal/fs.list
	/home/runner/work/alist/alist/internal/fs/list.go:25
github.com/alist-org/alist/v3/internal/fs.List
	/home/runner/work/alist/alist/internal/fs/fs.go:22
github.com/alist-org/alist/v3/server/handles.FsGet
	/home/runner/work/alist/alist/server/handles/fsread.go:304
github.com/gin-gonic/gin.(*Context).Next
	/home/runner/go/pkg/mod/github.com/gin-gonic/gin@v1.9.1/context.go:174
github.com/alist-org/alist/v3/server/middlewares.Auth
	/home/runner/work/alist/alist/server/middlewares/auth.go:67
github.com/gin-gonic/gin.(*Context).Next
	/home/runner/go/pkg/mod/github.com/gin-gonic/gin@v1.9.1/context.go:174
github.com/alist-org/alist/v3/server/middlewares.StoragesLoaded
	/home/runner/work/alist/alist/server/middlewares/check.go:14
github.com/gin-gonic/gin.(*Context).Next
	/home/runner/go/pkg/mod/github.com/gin-gonic/gin@v1.9.1/context.go:174
github.com/gin-gonic/gin.CustomRecoveryWithWriter.func1
	/home/runner/go/pkg/mod/github.com/gin-gonic/gin@v1.9.1/recovery.go:102
github.com/gin-gonic/gin.(*Context).Next
	/home/runner/go/pkg/mod/github.com/gin-gonic/gin@v1.9.1/context.go:174
github.com/gin-gonic/gin.LoggerWithConfig.func1
	/home/runner/go/pkg/mod/github.com/gin-gonic/gin@v1.9.1/logger.go:240
github.com/gin-gonic/gin.(*Context).Next
	/home/runner/go/pkg/mod/github.com/gin-gonic/gin@v1.9.1/context.go:174
github.com/gin-gonic/gin.(*Engine).handleHTTPRequest
	/home/runner/go/pkg/mod/github.com/gin-gonic/gin@v1.9.1/gin.go:620
github.com/gin-gonic/gin.(*Engine).ServeHTTP
	/home/runner/go/pkg/mod/github.com/gin-gonic/gin@v1.9.1/gin.go:576
net/http.serverHandler.ServeHTTP
	/opt/hostedtoolcache/go/1.20.5/x64/src/net/http/server.go:2936
net/http.(*conn).serve
	/opt/hostedtoolcache/go/1.20.5/x64/src/net/http/server.go:1995
runtime.goexit
	/opt/hostedtoolcache/go/1.20.5/x64/src/runtime/asm_amd64.s:1598 
[31mERRO[0m[2023-07-20 10:47:16] failed list /: The resource could not be found.
failed to list objs
github.com/alist-org/alist/v3/internal/op.List.func1
	/home/runner/work/alist/alist/internal/op/fs.go:120
github.com/alist-org/alist/v3/pkg/singleflight.(*Group[...]).doCall.func2
	/home/runner/work/alist/alist/pkg/singleflight/singleflight.go:193
github.com/alist-org/alist/v3/pkg/singleflight.(*Group[...]).doCall
	/home/runner/work/alist/alist/pkg/singleflight/singleflight.go:195
github.com/alist-org/alist/v3/pkg/singleflight.(*Group[...]).Do
	/home/runner/work/alist/alist/pkg/singleflight/singleflight.go:108
github.com/alist-org/alist/v3/internal/op.List
	/home/runner/work/alist/alist/internal/op/fs.go:117
github.com/alist-org/alist/v3/internal/fs.list
	/home/runner/work/alist/alist/internal/fs/list.go:25
github.com/alist-org/alist/v3/internal/fs.List
	/home/runner/work/alist/alist/internal/fs/fs.go:22
github.com/alist-org/alist/v3/server/handles.FsGet
	/home/runner/work/alist/alist/server/handles/fsread.go:304
github.com/gin-gonic/gin.(*Context).Next
	/home/runner/go/pkg/mod/github.com/gin-gonic/gin@v1.9.1/context.go:174
github.com/alist-org/alist/v3/server/middlewares.Auth
	/home/runner/work/alist/alist/server/middlewares/auth.go:67
github.com/gin-gonic/gin.(*Context).Next
	/home/runner/go/pkg/mod/github.com/gin-gonic/gin@v1.9.1/context.go:174
github.com/alist-org/alist/v3/server/middlewares.StoragesLoaded
	/home/runner/work/alist/alist/server/middlewares/check.go:14
github.com/gin-gonic/gin.(*Context).Next
	/home/runner/go/pkg/mod/github.com/gin-gonic/gin@v1.9.1/context.go:174
github.com/gin-gonic/gin.CustomRecoveryWithWriter.func1
	/home/runner/go/pkg/mod/github.com/gin-gonic/gin@v1.9.1/recovery.go:102
github.com/gin-gonic/gin.(*Context).Next
	/home/runner/go/pkg/mod/github.com/gin-gonic/gin@v1.9.1/context.go:174
github.com/gin-gonic/gin.LoggerWithConfig.func1
	/home/runner/go/pkg/mod/github.com/gin-gonic/gin@v1.9.1/logger.go:240
github.com/gin-gonic/gin.(*Context).Next
	/home/runner/go/pkg/mod/github.com/gin-gonic/gin@v1.9.1/context.go:174
github.com/gin-gonic/gin.(*Engine).handleHTTPRequest
	/home/runner/go/pkg/mod/github.com/gin-gonic/gin@v1.9.1/gin.go:620
github.com/gin-gonic/gin.(*Engine).ServeHTTP
	/home/runner/go/pkg/mod/github.com/gin-gonic/gin@v1.9.1/gin.go:576
net/http.serverHandler.ServeHTTP
	/opt/hostedtoolcache/go/1.20.5/x64/src/net/http/server.go:2936
net/http.(*conn).serve
	/opt/hostedtoolcache/go/1.20.5/x64/src/net/http/server.go:1995
runtime.goexit
	/opt/hostedtoolcache/go/1.20.5/x64/src/runtime/asm_amd64.s:1598
failed get objs 
[GIN] 2023/07/20 - 10:47:16 | 200 |  222.699142ms |    112.1.178.90 | POST     "/api/fs/get"
[31mERRO[0m[2023-07-20 10:47:16] fs/list: The resource could not be found.
failed to list objs
github.com/alist-org/alist/v3/internal/op.List.func1
	/home/runner/work/alist/alist/internal/op/fs.go:120
github.com/alist-org/alist/v3/pkg/singleflight.(*Group[...]).doCall.func2
	/home/runner/work/alist/alist/pkg/singleflight/singleflight.go:193
github.com/alist-org/alist/v3/pkg/singleflight.(*Group[...]).doCall
	/home/runner/work/alist/alist/pkg/singleflight/singleflight.go:195
github.com/alist-org/alist/v3/pkg/singleflight.(*Group[...]).Do
	/home/runner/work/alist/alist/pkg/singleflight/singleflight.go:108
github.com/alist-org/alist/v3/internal/op.List
	/home/runner/work/alist/alist/internal/op/fs.go:117
github.com/alist-org/alist/v3/internal/fs.list
	/home/runner/work/alist/alist/internal/fs/list.go:25
github.com/alist-org/alist/v3/internal/fs.List
	/home/runner/work/alist/alist/internal/fs/fs.go:22
github.com/alist-org/alist/v3/server/handles.FsList
	/home/runner/work/alist/alist/server/handles/fsread.go:82
github.com/gin-gonic/gin.(*Context).Next
	/home/runner/go/pkg/mod/github.com/gin-gonic/gin@v1.9.1/context.go:174
github.com/alist-org/alist/v3/server/middlewares.Auth
	/home/runner/work/alist/alist/server/middlewares/auth.go:67
github.com/gin-gonic/gin.(*Context).Next
	/home/runner/go/pkg/mod/github.com/gin-gonic/gin@v1.9.1/context.go:174
github.com/alist-org/alist/v3/server/middlewares.StoragesLoaded
	/home/runner/work/alist/alist/server/middlewares/check.go:14
github.com/gin-gonic/gin.(*Context).Next
	/home/runner/go/pkg/mod/github.com/gin-gonic/gin@v1.9.1/context.go:174
github.com/gin-gonic/gin.CustomRecoveryWithWriter.func1
	/home/runner/go/pkg/mod/github.com/gin-gonic/gin@v1.9.1/recovery.go:102
github.com/gin-gonic/gin.(*Context).Next
	/home/runner/go/pkg/mod/github.com/gin-gonic/gin@v1.9.1/context.go:174
github.com/gin-gonic/gin.LoggerWithConfig.func1
	/home/runner/go/pkg/mod/github.com/gin-gonic/gin@v1.9.1/logger.go:240
github.com/gin-gonic/gin.(*Context).Next
	/home/runner/go/pkg/mod/github.com/gin-gonic/gin@v1.9.1/context.go:174
github.com/gin-gonic/gin.(*Engine).handleHTTPRequest
	/home/runner/go/pkg/mod/github.com/gin-gonic/gin@v1.9.1/gin.go:620
github.com/gin-gonic/gin.(*Engine).ServeHTTP
	/home/runner/go/pkg/mod/github.com/gin-gonic/gin@v1.9.1/gin.go:576
net/http.serverHandler.ServeHTTP
	/opt/hostedtoolcache/go/1.20.5/x64/src/net/http/server.go:2936
net/http.(*conn).serve
	/opt/hostedtoolcache/go/1.20.5/x64/src/net/http/server.go:1995
runtime.goexit
	/opt/hostedtoolcache/go/1.20.5/x64/src/runtime/asm_amd64.s:1598 
[31mERRO[0m[2023-07-20 10:47:16] failed list /: The resource could not be found.
failed to list objs
github.com/alist-org/alist/v3/internal/op.List.func1
	/home/runner/work/alist/alist/internal/op/fs.go:120
github.com/alist-org/alist/v3/pkg/singleflight.(*Group[...]).doCall.func2
	/home/runner/work/alist/alist/pkg/singleflight/singleflight.go:193
github.com/alist-org/alist/v3/pkg/singleflight.(*Group[...]).doCall
	/home/runner/work/alist/alist/pkg/singleflight/singleflight.go:195
github.com/alist-org/alist/v3/pkg/singleflight.(*Group[...]).Do
	/home/runner/work/alist/alist/pkg/singleflight/singleflight.go:108
github.com/alist-org/alist/v3/internal/op.List
	/home/runner/work/alist/alist/internal/op/fs.go:117
github.com/alist-org/alist/v3/internal/fs.list
	/home/runner/work/alist/alist/internal/fs/list.go:25
github.com/alist-org/alist/v3/internal/fs.List
	/home/runner/work/alist/alist/internal/fs/fs.go:22
github.com/alist-org/alist/v3/server/handles.FsList
	/home/runner/work/alist/alist/server/handles/fsread.go:82
github.com/gin-gonic/gin.(*Context).Next
	/home/runner/go/pkg/mod/github.com/gin-gonic/gin@v1.9.1/context.go:174
github.com/alist-org/alist/v3/server/middlewares.Auth
	/home/runner/work/alist/alist/server/middlewares/auth.go:67
github.com/gin-gonic/gin.(*Context).Next
	/home/runner/go/pkg/mod/github.com/gin-gonic/gin@v1.9.1/context.go:174
github.com/alist-org/alist/v3/server/middlewares.StoragesLoaded
	/home/runner/work/alist/alist/server/middlewares/check.go:14
github.com/gin-gonic/gin.(*Context).Next
	/home/runner/go/pkg/mod/github.com/gin-gonic/gin@v1.9.1/context.go:174
github.com/gin-gonic/gin.CustomRecoveryWithWriter.func1
	/home/runner/go/pkg/mod/github.com/gin-gonic/gin@v1.9.1/recovery.go:102
github.com/gin-gonic/gin.(*Context).Next
	/home/runner/go/pkg/mod/github.com/gin-gonic/gin@v1.9.1/context.go:174
github.com/gin-gonic/gin.LoggerWithConfig.func1
	/home/runner/go/pkg/mod/github.com/gin-gonic/gin@v1.9.1/logger.go:240
github.com/gin-gonic/gin.(*Context).Next
	/home/runner/go/pkg/mod/github.com/gin-gonic/gin@v1.9.1/context.go:174
github.com/gin-gonic/gin.(*Engine).handleHTTPRequest
	/home/runner/go/pkg/mod/github.com/gin-gonic/gin@v1.9.1/gin.go:620
github.com/gin-gonic/gin.(*Engine).ServeHTTP
	/home/runner/go/pkg/mod/github.com/gin-gonic/gin@v1.9.1/gin.go:576
net/http.serverHandler.ServeHTTP
	/opt/hostedtoolcache/go/1.20.5/x64/src/net/http/server.go:2936
net/http.(*conn).serve
	/opt/hostedtoolcache/go/1.20.5/x64/src/net/http/server.go:1995
runtime.goexit
	/opt/hostedtoolcache/go/1.20.5/x64/src/runtime/asm_amd64.s:1598
failed get objs 
[GIN] 2023/07/20 - 10:47:16 | 200 |  225.324222ms |    112.1.178.90 | POST     "/api/fs/list"
[GIN] 2023/07/20 - 10:47:50 | 200 |      378.09µs |    36.150.60.24 | GET      "/"
[GIN] 2023/07/20 - 10:49:09 | 200 |      159.86µs |    36.150.60.24 | GET      "/"
[GIN] 2023/07/20 - 10:49:42 | 200 |      174.38µs |    36.150.60.24 | GET      "/"
[GIN] 2023/07/20 - 10:49:49 | 302 |       67.92µs |    36.150.60.24 | GET      "/favicon.ico"
[GIN] 2023/07/20 - 10:49:59 | 200 |      168.39µs |    36.150.60.24 | GET      "/"
[GIN] 2023/07/20 - 10:51:19 | 302 |       48.45µs |    36.150.60.24 | GET      "/favicon.ico"
[33mWARN[0m[2023-07-20 11:57:30] not enable search                            
[33mWARN[0m[2023-07-20 11:57:30] not enable search                            
[GIN] 2023/07/20 - 11:57:42 | 200 |      216.72µs |    112.1.178.90 | GET      "/"
[GIN] 2023/07/20 - 11:57:43 | 200 |      462.65µs |    112.1.178.90 | GET      "/api/public/settings"
[GIN] 2023/07/20 - 11:57:43 | 200 |      419.58µs |    112.1.178.90 | GET      "/api/me"
[31mERRO[0m[2023-07-20 11:57:45] fs/list: The resource could not be found.
failed to list objs
github.com/alist-org/alist/v3/internal/op.List.func1
	/home/runner/work/alist/alist/internal/op/fs.go:120
github.com/alist-org/alist/v3/pkg/singleflight.(*Group[...]).doCall.func2
	/home/runner/work/alist/alist/pkg/singleflight/singleflight.go:193
github.com/alist-org/alist/v3/pkg/singleflight.(*Group[...]).doCall
	/home/runner/work/alist/alist/pkg/singleflight/singleflight.go:195
github.com/alist-org/alist/v3/pkg/singleflight.(*Group[...]).Do
	/home/runner/work/alist/alist/pkg/singleflight/singleflight.go:108
github.com/alist-org/alist/v3/internal/op.List
	/home/runner/work/alist/alist/internal/op/fs.go:117
github.com/alist-org/alist/v3/internal/fs.list
	/home/runner/work/alist/alist/internal/fs/list.go:25
github.com/alist-org/alist/v3/internal/fs.List
	/home/runner/work/alist/alist/internal/fs/fs.go:22
github.com/alist-org/alist/v3/server/handles.FsGet
	/home/runner/work/alist/alist/server/handles/fsread.go:304
github.com/gin-gonic/gin.(*Context).Next
	/home/runner/go/pkg/mod/github.com/gin-gonic/gin@v1.9.1/context.go:174
github.com/alist-org/alist/v3/server/middlewares.Auth
	/home/runner/work/alist/alist/server/middlewares/auth.go:67
github.com/gin-gonic/gin.(*Context).Next
	/home/runner/go/pkg/mod/github.com/gin-gonic/gin@v1.9.1/context.go:174
github.com/alist-org/alist/v3/server/middlewares.StoragesLoaded
	/home/runner/work/alist/alist/server/middlewares/check.go:14
github.com/gin-gonic/gin.(*Context).Next
	/home/runner/go/pkg/mod/github.com/gin-gonic/gin@v1.9.1/context.go:174
github.com/gin-gonic/gin.CustomRecoveryWithWriter.func1
	/home/runner/go/pkg/mod/github.com/gin-gonic/gin@v1.9.1/recovery.go:102
github.com/gin-gonic/gin.(*Context).Next
	/home/runner/go/pkg/mod/github.com/gin-gonic/gin@v1.9.1/context.go:174
github.com/gin-gonic/gin.LoggerWithConfig.func1
	/home/runner/go/pkg/mod/github.com/gin-gonic/gin@v1.9.1/logger.go:240
github.com/gin-gonic/gin.(*Context).Next
	/home/runner/go/pkg/mod/github.com/gin-gonic/gin@v1.9.1/context.go:174
github.com/gin-gonic/gin.(*Engine).handleHTTPRequest
	/home/runner/go/pkg/mod/github.com/gin-gonic/gin@v1.9.1/gin.go:620
github.com/gin-gonic/gin.(*Engine).ServeHTTP
	/home/runner/go/pkg/mod/github.com/gin-gonic/gin@v1.9.1/gin.go:576
net/http.serverHandler.ServeHTTP
	/opt/hostedtoolcache/go/1.20.5/x64/src/net/http/server.go:2936
net/http.(*conn).serve
	/opt/hostedtoolcache/go/1.20.5/x64/src/net/http/server.go:1995
runtime.goexit
	/opt/hostedtoolcache/go/1.20.5/x64/src/runtime/asm_amd64.s:1598 
[31mERRO[0m[2023-07-20 11:57:45] failed list /: The resource could not be found.
failed to list objs
github.com/alist-org/alist/v3/internal/op.List.func1
	/home/runner/work/alist/alist/internal/op/fs.go:120
github.com/alist-org/alist/v3/pkg/singleflight.(*Group[...]).doCall.func2
	/home/runner/work/alist/alist/pkg/singleflight/singleflight.go:193
github.com/alist-org/alist/v3/pkg/singleflight.(*Group[...]).doCall
	/home/runner/work/alist/alist/pkg/singleflight/singleflight.go:195
github.com/alist-org/alist/v3/pkg/singleflight.(*Group[...]).Do
	/home/runner/work/alist/alist/pkg/singleflight/singleflight.go:108
github.com/alist-org/alist/v3/internal/op.List
	/home/runner/work/alist/alist/internal/op/fs.go:117
github.com/alist-org/alist/v3/internal/fs.list
	/home/runner/work/alist/alist/internal/fs/list.go:25
github.com/alist-org/alist/v3/internal/fs.List
	/home/runner/work/alist/alist/internal/fs/fs.go:22
github.com/alist-org/alist/v3/server/handles.FsGet
	/home/runner/work/alist/alist/server/handles/fsread.go:304
github.com/gin-gonic/gin.(*Context).Next
	/home/runner/go/pkg/mod/github.com/gin-gonic/gin@v1.9.1/context.go:174
github.com/alist-org/alist/v3/server/middlewares.Auth
	/home/runner/work/alist/alist/server/middlewares/auth.go:67
github.com/gin-gonic/gin.(*Context).Next
	/home/runner/go/pkg/mod/github.com/gin-gonic/gin@v1.9.1/context.go:174
github.com/alist-org/alist/v3/server/middlewares.StoragesLoaded
	/home/runner/work/alist/alist/server/middlewares/check.go:14
github.com/gin-gonic/gin.(*Context).Next
	/home/runner/go/pkg/mod/github.com/gin-gonic/gin@v1.9.1/context.go:174
github.com/gin-gonic/gin.CustomRecoveryWithWriter.func1
	/home/runner/go/pkg/mod/github.com/gin-gonic/gin@v1.9.1/recovery.go:102
github.com/gin-gonic/gin.(*Context).Next
	/home/runner/go/pkg/mod/github.com/gin-gonic/gin@v1.9.1/context.go:174
github.com/gin-gonic/gin.LoggerWithConfig.func1
	/home/runner/go/pkg/mod/github.com/gin-gonic/gin@v1.9.1/logger.go:240
github.com/gin-gonic/gin.(*Context).Next
	/home/runner/go/pkg/mod/github.com/gin-gonic/gin@v1.9.1/context.go:174
github.com/gin-gonic/gin.(*Engine).handleHTTPRequest
	/home/runner/go/pkg/mod/github.com/gin-gonic/gin@v1.9.1/gin.go:620
github.com/gin-gonic/gin.(*Engine).ServeHTTP
	/home/runner/go/pkg/mod/github.com/gin-gonic/gin@v1.9.1/gin.go:576
net/http.serverHandler.ServeHTTP
	/opt/hostedtoolcache/go/1.20.5/x64/src/net/http/server.go:2936
net/http.(*conn).serve
	/opt/hostedtoolcache/go/1.20.5/x64/src/net/http/server.go:1995
runtime.goexit
	/opt/hostedtoolcache/go/1.20.5/x64/src/runtime/asm_amd64.s:1598
failed get objs 
[GIN] 2023/07/20 - 11:57:45 | 200 |  840.815694ms |    112.1.178.90 | POST     "/api/fs/get"
[31mERRO[0m[2023-07-20 11:57:46] fs/list: The resource could not be found.
failed to list objs
github.com/alist-org/alist/v3/internal/op.List.func1
	/home/runner/work/alist/alist/internal/op/fs.go:120
github.com/alist-org/alist/v3/pkg/singleflight.(*Group[...]).doCall.func2
	/home/runner/work/alist/alist/pkg/singleflight/singleflight.go:193
github.com/alist-org/alist/v3/pkg/singleflight.(*Group[...]).doCall
	/home/runner/work/alist/alist/pkg/singleflight/singleflight.go:195
github.com/alist-org/alist/v3/pkg/singleflight.(*Group[...]).Do
	/home/runner/work/alist/alist/pkg/singleflight/singleflight.go:108
github.com/alist-org/alist/v3/internal/op.List
	/home/runner/work/alist/alist/internal/op/fs.go:117
github.com/alist-org/alist/v3/internal/fs.list
	/home/runner/work/alist/alist/internal/fs/list.go:25
github.com/alist-org/alist/v3/internal/fs.List
	/home/runner/work/alist/alist/internal/fs/fs.go:22
github.com/alist-org/alist/v3/server/handles.FsList
	/home/runner/work/alist/alist/server/handles/fsread.go:82
github.com/gin-gonic/gin.(*Context).Next
	/home/runner/go/pkg/mod/github.com/gin-gonic/gin@v1.9.1/context.go:174
github.com/alist-org/alist/v3/server/middlewares.Auth
	/home/runner/work/alist/alist/server/middlewares/auth.go:67
github.com/gin-gonic/gin.(*Context).Next
	/home/runner/go/pkg/mod/github.com/gin-gonic/gin@v1.9.1/context.go:174
github.com/alist-org/alist/v3/server/middlewares.StoragesLoaded
	/home/runner/work/alist/alist/server/middlewares/check.go:14
github.com/gin-gonic/gin.(*Context).Next
	/home/runner/go/pkg/mod/github.com/gin-gonic/gin@v1.9.1/context.go:174
github.com/gin-gonic/gin.CustomRecoveryWithWriter.func1
	/home/runner/go/pkg/mod/github.com/gin-gonic/gin@v1.9.1/recovery.go:102
github.com/gin-gonic/gin.(*Context).Next
	/home/runner/go/pkg/mod/github.com/gin-gonic/gin@v1.9.1/context.go:174
github.com/gin-gonic/gin.LoggerWithConfig.func1
	/home/runner/go/pkg/mod/github.com/gin-gonic/gin@v1.9.1/logger.go:240
github.com/gin-gonic/gin.(*Context).Next
	/home/runner/go/pkg/mod/github.com/gin-gonic/gin@v1.9.1/context.go:174
github.com/gin-gonic/gin.(*Engine).handleHTTPRequest
	/home/runner/go/pkg/mod/github.com/gin-gonic/gin@v1.9.1/gin.go:620
github.com/gin-gonic/gin.(*Engine).ServeHTTP
	/home/runner/go/pkg/mod/github.com/gin-gonic/gin@v1.9.1/gin.go:576
net/http.serverHandler.ServeHTTP
	/opt/hostedtoolcache/go/1.20.5/x64/src/net/http/server.go:2936
net/http.(*conn).serve
	/opt/hostedtoolcache/go/1.20.5/x64/src/net/http/server.go:1995
runtime.goexit
	/opt/hostedtoolcache/go/1.20.5/x64/src/runtime/asm_amd64.s:1598 
[31mERRO[0m[2023-07-20 11:57:46] failed list /: The resource could not be found.
failed to list objs
github.com/alist-org/alist/v3/internal/op.List.func1
	/home/runner/work/alist/alist/internal/op/fs.go:120
github.com/alist-org/alist/v3/pkg/singleflight.(*Group[...]).doCall.func2
	/home/runner/work/alist/alist/pkg/singleflight/singleflight.go:193
github.com/alist-org/alist/v3/pkg/singleflight.(*Group[...]).doCall
	/home/runner/work/alist/alist/pkg/singleflight/singleflight.go:195
github.com/alist-org/alist/v3/pkg/singleflight.(*Group[...]).Do
	/home/runner/work/alist/alist/pkg/singleflight/singleflight.go:108
github.com/alist-org/alist/v3/internal/op.List
	/home/runner/work/alist/alist/internal/op/fs.go:117
github.com/alist-org/alist/v3/internal/fs.list
	/home/runner/work/alist/alist/internal/fs/list.go:25
github.com/alist-org/alist/v3/internal/fs.List
	/home/runner/work/alist/alist/internal/fs/fs.go:22
github.com/alist-org/alist/v3/server/handles.FsList
	/home/runner/work/alist/alist/server/handles/fsread.go:82
github.com/gin-gonic/gin.(*Context).Next
	/home/runner/go/pkg/mod/github.com/gin-gonic/gin@v1.9.1/context.go:174
github.com/alist-org/alist/v3/server/middlewares.Auth
	/home/runner/work/alist/alist/server/middlewares/auth.go:67
github.com/gin-gonic/gin.(*Context).Next
	/home/runner/go/pkg/mod/github.com/gin-gonic/gin@v1.9.1/context.go:174
github.com/alist-org/alist/v3/server/middlewares.StoragesLoaded
	/home/runner/work/alist/alist/server/middlewares/check.go:14
github.com/gin-gonic/gin.(*Context).Next
	/home/runner/go/pkg/mod/github.com/gin-gonic/gin@v1.9.1/context.go:174
github.com/gin-gonic/gin.CustomRecoveryWithWriter.func1
	/home/runner/go/pkg/mod/github.com/gin-gonic/gin@v1.9.1/recovery.go:102
github.com/gin-gonic/gin.(*Context).Next
	/home/runner/go/pkg/mod/github.com/gin-gonic/gin@v1.9.1/context.go:174
github.com/gin-gonic/gin.LoggerWithConfig.func1
	/home/runner/go/pkg/mod/github.com/gin-gonic/gin@v1.9.1/logger.go:240
github.com/gin-gonic/gin.(*Context).Next
	/home/runner/go/pkg/mod/github.com/gin-gonic/gin@v1.9.1/context.go:174
github.com/gin-gonic/gin.(*Engine).handleHTTPRequest
	/home/runner/go/pkg/mod/github.com/gin-gonic/gin@v1.9.1/gin.go:620
github.com/gin-gonic/gin.(*Engine).ServeHTTP
	/home/runner/go/pkg/mod/github.com/gin-gonic/gin@v1.9.1/gin.go:576
net/http.serverHandler.ServeHTTP
	/opt/hostedtoolcache/go/1.20.5/x64/src/net/http/server.go:2936
net/http.(*conn).serve
	/opt/hostedtoolcache/go/1.20.5/x64/src/net/http/server.go:1995
runtime.goexit
	/opt/hostedtoolcache/go/1.20.5/x64/src/runtime/asm_amd64.s:1598
failed get objs 
[GIN] 2023/07/20 - 11:57:46 | 200 |  728.111915ms |    112.1.178.90 | POST     "/api/fs/list"
[GIN] 2023/07/20 - 11:57:49 | 200 |       86.09µs |    112.1.178.90 | GET      "/api/me"
[GIN] 2023/07/20 - 11:57:52 | 200 |      168.02µs |    112.1.178.90 | GET      "/api/admin/driver/names"
[GIN] 2023/07/20 - 11:57:52 | 200 |      644.17µs |    112.1.178.90 | GET      "/api/admin/storage/list"
[GIN] 2023/07/20 - 11:57:56 | 200 |      370.97µs |    112.1.178.90 | GET      "/api/admin/storage/get?id=1"
[GIN] 2023/07/20 - 11:57:56 | 200 |       337.9µs |    112.1.178.90 | GET      "/api/admin/driver/info?driver=Onedrive"
[GIN] 2023/07/20 - 11:58:05 | 200 |  329.495891ms |    112.1.178.90 | POST     "/api/admin/storage/update"
[GIN] 2023/07/20 - 11:58:06 | 200 |       89.18µs |    112.1.178.90 | GET      "/api/admin/driver/names"
[GIN] 2023/07/20 - 11:58:06 | 200 |      454.68µs |    112.1.178.90 | GET      "/api/admin/storage/list"
[GIN] 2023/07/20 - 11:58:10 | 200 |      156.67µs |    112.1.178.90 | GET      "/"
[GIN] 2023/07/20 - 11:58:10 | 200 |       100.6µs |    112.1.178.90 | GET      "/api/public/settings"
[GIN] 2023/07/20 - 11:58:11 | 200 |       91.48µs |    112.1.178.90 | GET      "/api/me"
[GIN] 2023/07/20 - 11:58:11 | 200 |  255.703527ms |    112.1.178.90 | POST     "/api/fs/get"
[GIN] 2023/07/20 - 11:58:12 | 200 |      407.42µs |    112.1.178.90 | POST     "/api/fs/list"
[GIN] 2023/07/20 - 11:58:12 | 200 |     3.53795ms |    112.1.178.90 | GET      "/assets/Folder.b511ba9e.css"
[GIN] 2023/07/20 - 11:58:12 | 200 |       34.95µs |    112.1.178.90 | GET      "/assets/Paginator.fe49eb1b.js"
[GIN] 2023/07/20 - 11:58:12 | 200 |         213µs |    112.1.178.90 | GET      "/assets/icon.1b6918d3.js"
[GIN] 2023/07/20 - 11:58:12 | 200 |      559.03µs |    112.1.178.90 | GET      "/assets/Folder.9a523aee.js"
[GIN] 2023/07/20 - 11:58:12 | 200 |      536.38µs |    112.1.178.90 | GET      "/assets/Folder.9a523aee.js"
[GIN] 2023/07/20 - 11:58:13 | 200 |       77.35µs |    112.1.178.90 | GET      "/assets/List.fd9f3d1e.js"
[GIN] 2023/07/20 - 11:58:13 | 200 |       25.96µs |    112.1.178.90 | GET      "/assets/List.fd9f3d1e.js"
[GIN] 2023/07/20 - 11:58:17 | 200 |      306.79µs |    112.1.178.90 | GET      "/api/admin/storage/get?id=1"
[GIN] 2023/07/20 - 11:58:17 | 200 |       150.4µs |    112.1.178.90 | GET      "/api/admin/driver/info?driver=Onedrive"
[GIN] 2023/07/20 - 11:58:41 | 200 |  299.797633ms |    112.1.178.90 | POST     "/api/admin/storage/update"
[GIN] 2023/07/20 - 11:58:41 | 200 |      126.51µs |    112.1.178.90 | GET      "/api/admin/driver/names"
[GIN] 2023/07/20 - 11:58:41 | 200 |       466.8µs |    112.1.178.90 | GET      "/api/admin/storage/list"
[GIN] 2023/07/20 - 11:58:43 | 200 |      134.83µs |    112.1.178.90 | GET      "/"
[GIN] 2023/07/20 - 11:58:44 | 200 |       90.49µs |    112.1.178.90 | GET      "/api/public/settings"
[GIN] 2023/07/20 - 11:58:44 | 200 |      114.51µs |    112.1.178.90 | GET      "/api/me"
[GIN] 2023/07/20 - 11:58:45 | 200 |    5.936089ms |    112.1.178.90 | POST     "/api/fs/get"
[GIN] 2023/07/20 - 11:58:45 | 200 |      211.78µs |    112.1.178.90 | POST     "/api/fs/list"
[GIN] 2023/07/20 - 11:58:46 | 200 |  261.477207ms |    112.1.178.90 | POST     "/api/fs/list"
[GIN] 2023/07/20 - 11:58:50 | 200 |     1.26551ms |    112.1.178.90 | GET      "/api/admin/driver/list"
[GIN] 2023/07/20 - 12:01:14 | 200 |  1.086949003s |    112.1.178.90 | POST     "/api/admin/storage/create"
[GIN] 2023/07/20 - 12:01:15 | 200 |      105.78µs |    112.1.178.90 | GET      "/api/admin/driver/names"
[GIN] 2023/07/20 - 12:01:15 | 200 |      437.57µs |    112.1.178.90 | GET      "/api/admin/storage/list"
[GIN] 2023/07/20 - 12:01:21 | 200 |      107.51µs |    112.1.178.90 | GET      "/"
[GIN] 2023/07/20 - 12:01:21 | 200 |        86.8µs |    112.1.178.90 | GET      "/api/public/settings"
[GIN] 2023/07/20 - 12:01:21 | 200 |      104.05µs |    112.1.178.90 | GET      "/api/me"
[GIN] 2023/07/20 - 12:01:22 | 200 |      176.22µs |    112.1.178.90 | POST     "/api/fs/get"
[GIN] 2023/07/20 - 12:01:22 | 200 |       166.6µs |    112.1.178.90 | POST     "/api/fs/list"
[GIN] 2023/07/20 - 12:01:25 | 200 |  1.847890474s |    112.1.178.90 | POST     "/api/fs/list"
[GIN] 2023/07/20 - 12:01:30 | 200 |  1.126806609s |    112.1.178.90 | POST     "/api/fs/list"
[GIN] 2023/07/20 - 12:01:34 | 200 |      956.28µs |    112.1.178.90 | POST     "/api/fs/list"
[GIN] 2023/07/20 - 12:01:37 | 200 |     193.071µs |    112.1.178.90 | POST     "/api/fs/list"
[GIN] 2023/07/20 - 12:01:38 | 200 |      245.45µs |    112.1.178.90 | POST     "/api/fs/list"
[GIN] 2023/07/20 - 12:01:42 | 200 |     9.05803ms |    112.1.178.90 | POST     "/api/fs/list"
[GIN] 2023/07/20 - 12:01:59 | 200 |      110.26µs |    112.1.178.90 | GET      "/私人网盘"
[GIN] 2023/07/20 - 12:02:00 | 200 |       73.72µs |    112.1.178.90 | GET      "/api/public/settings"
